Determining if the pthread_create exist failed with the following output:
Change Dir: /home/zhenyang/Workspace/devel/project/vision/action_recog/build/CMakeFiles/CMakeTmp

Run Build Command:/usr/bin/make "cmTryCompileExec365611517/fast"
/usr/bin/make -f CMakeFiles/cmTryCompileExec365611517.dir/build.make CMakeFiles/cmTryCompileExec365611517.dir/build
make[1]: Entering directory `/home/zhenyang/Workspace/devel/project/vision/action_recog/build/CMakeFiles/CMakeTmp'
/usr/bin/cmake -E cmake_progress_report /home/zhenyang/Workspace/devel/project/vision/action_recog/build/CMakeFiles/CMakeTmp/CMakeFiles 1
/usr/bin/cmake: /home/zhenyang/anaconda/lib/libcurl.so.4: no version information available (required by /usr/bin/cmake)
Building C object CMakeFiles/cmTryCompileExec365611517.dir/CheckSymbolExists.c.o
/usr/bin/cc    -o CMakeFiles/cmTryCompileExec365611517.dir/CheckSymbolExists.c.o   -c /home/zhenyang/Workspace/devel/project/vision/action_recog/build/CMakeFiles/CMakeTmp/CheckSymbolExists.c
Linking C executable cmTryCompileExec365611517
/usr/bin/cmake -E cmake_link_script CMakeFiles/cmTryCompileExec365611517.dir/link.txt --verbose=1
/usr/bin/cmake: /home/zhenyang/anaconda/lib/libcurl.so.4: no version information available (required by /usr/bin/cmake)
/usr/bin/cc       CMakeFiles/cmTryCompileExec365611517.dir/CheckSymbolExists.c.o  -o cmTryCompileExec365611517 -rdynamic 
CMakeFiles/cmTryCompileExec365611517.dir/CheckSymbolExists.c.o: In function `main':
CheckSymbolExists.c:(.text+0x16): undefined reference to `pthread_create'
collect2: error: ld returned 1 exit status
make[1]: Leaving directory `/home/zhenyang/Workspace/devel/project/vision/action_recog/build/CMakeFiles/CMakeTmp'
make[1]: *** [cmTryCompileExec365611517] Error 1
make: *** [cmTryCompileExec365611517/fast] Error 2

File /home/zhenyang/Workspace/devel/project/vision/action_recog/build/CMakeFiles/CMakeTmp/CheckSymbolExists.c:
/* */
#include <pthread.h>

int main(int argc, char** argv)
{
  (void)argv;
#ifndef pthread_create
  return ((int*)(&pthread_create))[argc];
#else
  (void)argc;
  return 0;
#endif
}

Determining if the function pthread_create exists in the pthreads failed with the following output:
Change Dir: /home/zhenyang/Workspace/devel/project/vision/action_recog/build/CMakeFiles/CMakeTmp

Run Build Command:/usr/bin/make "cmTryCompileExec4245341402/fast"
/usr/bin/make -f CMakeFiles/cmTryCompileExec4245341402.dir/build.make CMakeFiles/cmTryCompileExec4245341402.dir/build
make[1]: Entering directory `/home/zhenyang/Workspace/devel/project/vision/action_recog/build/CMakeFiles/CMakeTmp'
/usr/bin/cmake -E cmake_progress_report /home/zhenyang/Workspace/devel/project/vision/action_recog/build/CMakeFiles/CMakeTmp/CMakeFiles 1
/usr/bin/cmake: /home/zhenyang/anaconda/lib/libcurl.so.4: no version information available (required by /usr/bin/cmake)
Building C object CMakeFiles/cmTryCompileExec4245341402.dir/CheckFunctionExists.c.o
/usr/bin/cc   -DCHECK_FUNCTION_EXISTS=pthread_create   -o CMakeFiles/cmTryCompileExec4245341402.dir/CheckFunctionExists.c.o   -c /usr/share/cmake-2.8/Modules/CheckFunctionExists.c
Linking C executable cmTryCompileExec4245341402
/usr/bin/cmake -E cmake_link_script CMakeFiles/cmTryCompileExec4245341402.dir/link.txt --verbose=1
/usr/bin/cmake: /home/zhenyang/anaconda/lib/libcurl.so.4: no version information available (required by /usr/bin/cmake)
/usr/bin/cc   -DCHECK_FUNCTION_EXISTS=pthread_create    CMakeFiles/cmTryCompileExec4245341402.dir/CheckFunctionExists.c.o  -o cmTryCompileExec4245341402 -rdynamic -lpthreads 
/usr/bin/ld: cannot find -lpthreads
collect2: error: ld returned 1 exit status
make[1]: Leaving directory `/home/zhenyang/Workspace/devel/project/vision/action_recog/build/CMakeFiles/CMakeTmp'
make[1]: *** [cmTryCompileExec4245341402] Error 1
make: *** [cmTryCompileExec4245341402/fast] Error 2


